# JRE version: Java(TM) SE Runtime Environment (8.0_77-b03) (build 1.8.0_77-b03)
# Java VM: Java HotSpot(TM) 64-Bit Server VM (25.77-b03 mixed mode bsd-amd64 compressed oops)
Heap:
 PSYoungGen      total 57344K, used 42298K [0x0000000780000000, 0x0000000784000000, 0x00000007c0000000)
  eden space 49152K, 74% used [0x0000000780000000,0x00000007823de260,0x0000000783000000)
  from space 8192K, 67% used [0x0000000783800000,0x0000000783d70818,0x0000000784000000)
  to   space 8192K, 0% used [0x0000000783000000,0x0000000783000000,0x0000000783800000)
 ParOldGen       total 131072K, used 45768K [0x0000000700000000, 0x0000000708000000, 0x0000000780000000)
  object space 131072K, 34% used [0x0000000700000000,0x0000000702cb23f8,0x0000000708000000)
 Metaspace       used 10934K, capacity 11139K, committed 11264K, reserved 1058816K
  class space    used 1105K, capacity 1194K, committed 1280K, reserved 1048576K
GC Heap History (4 events):
Event: 9.286 GC heap before
{Heap before GC invocations=1 (full 0):
 PSYoungGen      total 57344K, used 49152K [0x0000000780000000, 0x0000000784000000, 0x00000007c0000000)
  eden space 49152K, 100% used [0x0000000780000000,0x0000000783000000,0x0000000783000000)
  from space 8192K, 0% used [0x0000000783800000,0x0000000783800000,0x0000000784000000)
  to   space 8192K, 0% used [0x0000000783000000,0x0000000783000000,0x0000000783800000)
 ParOldGen       total 131072K, used 0K [0x0000000700000000, 0x0000000708000000, 0x0000000780000000)
  object space 131072K, 0% used [0x0000000700000000,0x0000000700000000,0x0000000708000000)
 Metaspace       used 9258K, capacity 9441K, committed 9472K, reserved 1058816K
  class space    used 966K, capacity 1023K, committed 1024K, reserved 1048576K
Event: 9.302 GC heap after
Heap after GC invocations=1 (full 0):
 PSYoungGen      total 57344K, used 8182K [0x0000000780000000, 0x0000000784000000, 0x00000007c0000000)
  eden space 49152K, 0% used [0x0000000780000000,0x0000000780000000,0x0000000783000000)
  from space 8192K, 99% used [0x0000000783000000,0x00000007837fd888,0x0000000783800000)
  to   space 8192K, 0% used [0x0000000783800000,0x0000000783800000,0x0000000784000000)
 ParOldGen       total 131072K, used 3883K [0x0000000700000000, 0x0000000708000000, 0x0000000780000000)
  object space 131072K, 2% used [0x0000000700000000,0x00000007003caf28,0x0000000708000000)
 Metaspace       used 9258K, capacity 9441K, committed 9472K, reserved 1058816K
  class space    used 966K, capacity 1023K, committed 1024K, reserved 1048576K
}
Event: 57.843 GC heap before
{Heap before GC invocations=2 (full 0):
 PSYoungGen      total 57344K, used 57334K [0x0000000780000000, 0x0000000784000000, 0x00000007c0000000)
  eden space 49152K, 100% used [0x0000000780000000,0x0000000783000000,0x0000000783000000)
  from space 8192K, 99% used [0x0000000783000000,0x00000007837fd888,0x0000000783800000)
  to   space 8192K, 0% used [0x0000000783800000,0x0000000783800000,0x0000000784000000)
 ParOldGen       total 131072K, used 45760K [0x0000000700000000, 0x0000000708000000, 0x0000000780000000)
  object space 131072K, 34% used [0x0000000700000000,0x0000000702cb03f8,0x0000000708000000)
 Metaspace       used 10888K, capacity 11051K, committed 11264K, reserved 1058816K
  class space    used 1099K, capacity 1190K, committed 1280K, reserved 1048576K
Event: 57.851 GC heap after
Heap after GC invocations=2 (full 0):
 PSYoungGen      total 57344K, used 5570K [0x0000000780000000, 0x0000000784000000, 0x00000007c0000000)
  eden space 49152K, 0% used [0x0000000780000000,0x0000000780000000,0x0000000783000000)
  from space 8192K, 67% used [0x0000000783800000,0x0000000783d70818,0x0000000784000000)
  to   space 8192K, 0% used [0x0000000783000000,0x0000000783000000,0x0000000783800000)
 ParOldGen       total 131072K, used 45768K [0x0000000700000000, 0x0000000708000000, 0x0000000780000000)
  object space 131072K, 34% used [0x0000000700000000,0x0000000702cb23f8,0x0000000708000000)
 Metaspace       used 10888K, capacity 11051K, committed 11264K, reserved 1058816K
  class space    used 1099K, capacity 1190K, committed 1280K, reserved 1048576K
}

